<?xml version="1.0" encoding="UTF-8"?>
<!-- Generated by org.testng.reporters.JUnitReportReporter -->
<testsuite skipped="0" hostname="DESKTOP-QN6CF8Q" name="datadriven.NewTest" tests="1" failures="0" timestamp="10 Jul 2019 16:56:31 GMT" time="10.778" errors="0">
  <testcase name="f" time="10.778" classname="datadriven.NewTest"/>
</testsuite> <!-- datadriven.NewTest -->
