<?xml version="1.0" encoding="UTF-8"?>
<!-- Generated by org.testng.reporters.JUnitReportReporter -->
<testsuite skipped="0" hostname="DESKTOP-QN6CF8Q" name="demo.NewTest10" tests="1" failures="0" timestamp="07 Jul 2019 16:46:04 GMT" time="0.036" errors="0">
  <testcase name="f" time="0.036" classname="demo.NewTest10"/>
</testsuite> <!-- demo.NewTest10 -->
