<?xml version="1.0" encoding="UTF-8"?>
<!-- Generated by org.testng.reporters.JUnitReportReporter -->
<testsuite skipped="0" hostname="DESKTOP-QN6CF8Q" name="demo.NewTest5" tests="2" failures="0" timestamp="04 Jul 2019 11:33:05 GMT" time="0.018" errors="0">
  <testcase name="rum" time="0.013" classname="demo.NewTest5"/>
  <testcase name="f" time="0.005" classname="demo.NewTest5"/>
</testsuite> <!-- demo.NewTest5 -->
