<?xml version="1.0" encoding="UTF-8"?>
<!-- Generated by org.testng.reporters.JUnitReportReporter -->
<testsuite skipped="0" hostname="DESKTOP-QN6CF8Q" name="demo.NewTest4" tests="1" failures="0" timestamp="04 Jul 2019 11:33:05 GMT" time="0.014" errors="0">
  <testcase name="f" time="0.014" classname="demo.NewTest4"/>
</testsuite> <!-- demo.NewTest4 -->
