<?xml version="1.0" encoding="UTF-8"?>
<!-- Generated by org.testng.reporters.JUnitReportReporter -->
<testsuite skipped="0" hostname="DESKTOP-QN6CF8Q" name="testng.NewTest6" tests="1" failures="0" timestamp="08 Jul 2019 11:54:02 GMT" time="46.892" errors="0">
  <testcase name="f" time="46.892" classname="testng.NewTest6"/>
</testsuite> <!-- testng.NewTest6 -->
