<?xml version="1.0" encoding="UTF-8"?>
<!-- Generated by org.testng.reporters.JUnitReportReporter -->
<testsuite skipped="0" hostname="DESKTOP-QN6CF8Q" name="demo.NewTest9" tests="1" failures="0" timestamp="07 Jul 2019 17:02:33 GMT" time="0.027" errors="0">
  <testcase name="f" time="0.027" classname="demo.NewTest9"/>
</testsuite> <!-- demo.NewTest9 -->
