<?xml version="1.0" encoding="UTF-8"?>
<!-- Generated by org.testng.reporters.JUnitReportReporter -->
<testsuite skipped="0" hostname="DESKTOP-QN6CF8Q" name="demo.NewTest" tests="1" failures="0" timestamp="06 Jul 2019 11:14:47 GMT" time="0.040" errors="0">
  <testcase name="f" time="0.040" classname="demo.NewTest"/>
</testsuite> <!-- demo.NewTest -->
